[2025-09-07T10:47:15.638Z] [INFO] Checking prerequisites...
[2025-09-07T10:47:25.108Z] [INFO] Project: anti-mony
[2025-09-07T10:47:25.109Z] [INFO] Verifying staging...
[2025-09-07T10:47:29.541Z] [INFO] Running production test suite...
[2025-09-07T10:47:29.541Z] [INFO] 🔧 Unit tests...
[2025-09-07T10:47:32.291Z] [SUCCESS] ✅ Unit tests completed
[2025-09-07T10:47:32.292Z] [INFO] 🔧 ESLint...
[2025-09-07T10:47:35.247Z] [SUCCESS] ✅ ESLint completed
[2025-09-07T10:47:35.248Z] [INFO] 🔧 TypeScript...
[2025-09-07T10:47:37.880Z] [SUCCESS] ✅ TypeScript completed
[2025-09-07T10:47:37.881Z] [INFO] 🔧 Security audit...
[2025-09-07T10:47:39.900Z] [SUCCESS] ✅ Security audit completed
[2025-09-07T10:47:39.901Z] [INFO] 🔧 Clean build artifacts...
[2025-09-07T10:47:40.963Z] [SUCCESS] ✅ Clean build artifacts completed
[2025-09-07T10:47:40.964Z] [INFO] 🔧 Build Next.js app...
[2025-09-07T10:48:03.452Z] [SUCCESS] ✅ Build Next.js app completed
[2025-09-07T10:48:03.452Z] [INFO] 🔧 Canary deploy...
[2025-09-07T10:48:07.392Z] [ERROR] ❌ Canary deploy failed: Command failed: gcloud app deploy app.yaml --quiet --no-promote --version=v2025-09-07T10-48-03-452Z
[2025-09-07T10:48:07.392Z] [ERROR] ❌ Production deployment failed: Command failed: gcloud app deploy app.yaml --quiet --no-promote --version=v2025-09-07T10-48-03-452Z
[2025-09-07T10:57:14.261Z] [INFO] Checking prerequisites...
[2025-09-07T10:57:21.930Z] [INFO] Project: anti-mony
[2025-09-07T10:57:21.931Z] [INFO] Verifying staging...
[2025-09-07T10:57:25.154Z] [INFO] Running production test suite...
[2025-09-07T10:57:25.155Z] [INFO] 🔧 Unit tests...
[2025-09-07T10:57:27.712Z] [SUCCESS] ✅ Unit tests completed
[2025-09-07T10:57:27.713Z] [INFO] 🔧 ESLint...
[2025-09-07T10:57:30.793Z] [SUCCESS] ✅ ESLint completed
[2025-09-07T10:57:30.794Z] [INFO] 🔧 TypeScript...
[2025-09-07T10:57:33.181Z] [SUCCESS] ✅ TypeScript completed
[2025-09-07T10:57:33.181Z] [INFO] 🔧 Security audit...
[2025-09-07T10:57:35.029Z] [SUCCESS] ✅ Security audit completed
[2025-09-07T10:57:35.030Z] [INFO] 🔧 Clean build artifacts...
[2025-09-07T10:57:35.418Z] [SUCCESS] ✅ Clean build artifacts completed
[2025-09-07T10:57:35.418Z] [INFO] 🔧 Build Next.js app...
[2025-09-07T10:57:57.499Z] [SUCCESS] ✅ Build Next.js app completed
[2025-09-07T10:57:57.500Z] [INFO] 🔧 Canary deploy...
[2025-09-07T11:04:52.632Z] [SUCCESS] ✅ Canary deploy completed
[2025-09-07T11:04:55.106Z] [INFO] Canary URL: https://v2025-09-07-105757500-dot-anti-mony.appspot.com
[2025-09-07T11:04:55.107Z] [INFO] 🔧 Canary health...
[2025-09-07T11:04:55.943Z] [ERROR] ❌ Canary health failed: Command failed: curl -f https://v2025-09-07-105757500-dot-anti-mony.appspot.com/api/health
[2025-09-07T11:04:55.944Z] [ERROR] ❌ Production deployment failed: Canary health failed
[2025-09-07T11:09:11.600Z] [WARNING] Cancelled
[2025-09-07T11:16:53.044Z] [INFO] Checking prerequisites...
[2025-09-07T11:17:06.073Z] [INFO] Project: anti-mony
[2025-09-07T11:17:06.074Z] [INFO] Verifying staging...
[2025-09-07T11:17:10.220Z] [INFO] Running production test suite...
[2025-09-07T11:17:10.221Z] [INFO] 🔧 Unit tests...
[2025-09-07T11:17:12.951Z] [SUCCESS] ✅ Unit tests completed
[2025-09-07T11:17:12.952Z] [INFO] 🔧 ESLint...
[2025-09-07T11:17:16.906Z] [SUCCESS] ✅ ESLint completed
[2025-09-07T11:17:16.907Z] [INFO] 🔧 TypeScript...
[2025-09-07T11:17:20.882Z] [SUCCESS] ✅ TypeScript completed
[2025-09-07T11:17:20.883Z] [INFO] 🔧 Security audit...
[2025-09-07T11:17:22.077Z] [SUCCESS] ✅ Security audit completed
[2025-09-07T11:17:22.078Z] [INFO] 🔧 Clean build artifacts...
[2025-09-07T11:17:22.631Z] [SUCCESS] ✅ Clean build artifacts completed
[2025-09-07T11:17:22.632Z] [INFO] 🔧 Build Next.js app...
[2025-09-07T11:17:46.174Z] [SUCCESS] ✅ Build Next.js app completed
[2025-09-07T11:17:46.175Z] [INFO] 🔧 Canary deploy...
[2025-09-07T11:24:46.880Z] [SUCCESS] ✅ Canary deploy completed
[2025-09-07T11:24:50.686Z] [INFO] Canary URL: https://v2025-09-07-111746175-dot-anti-mony.uc.r.appspot.com
[2025-09-07T11:24:50.687Z] [INFO] Waiting 5s for canary warm-up...
[2025-09-07T11:24:55.691Z] [INFO] 🔧 Canary health attempt 1...
[2025-09-07T11:24:56.266Z] [ERROR] ❌ Canary health attempt 1 failed: Command failed: curl --ssl-no-revoke -f https://v2025-09-07-111746175-dot-anti-mony.uc.r.appspot.com/api/health
[2025-09-07T11:24:56.266Z] [INFO] 🔧 Canary health attempt 1 (insecure)...
[2025-09-07T11:24:56.442Z] [ERROR] ❌ Canary health attempt 1 (insecure) failed: Command failed: curl -k -f https://v2025-09-07-111746175-dot-anti-mony.uc.r.appspot.com/api/health
[2025-09-07T11:24:56.443Z] [WARNING] Canary health retry in 2000ms
[2025-09-07T11:24:58.448Z] [INFO] 🔧 Canary health attempt 2...
[2025-09-07T11:24:58.617Z] [ERROR] ❌ Canary health attempt 2 failed: Command failed: curl --ssl-no-revoke -f https://v2025-09-07-111746175-dot-anti-mony.uc.r.appspot.com/api/health
[2025-09-07T11:24:58.617Z] [INFO] 🔧 Canary health attempt 2 (insecure)...
[2025-09-07T11:24:58.810Z] [ERROR] ❌ Canary health attempt 2 (insecure) failed: Command failed: curl -k -f https://v2025-09-07-111746175-dot-anti-mony.uc.r.appspot.com/api/health
[2025-09-07T11:24:58.811Z] [WARNING] Canary health retry in 4000ms
[2025-09-07T11:25:02.814Z] [INFO] 🔧 Canary health attempt 3...
[2025-09-07T11:25:03.010Z] [ERROR] ❌ Canary health attempt 3 failed: Command failed: curl --ssl-no-revoke -f https://v2025-09-07-111746175-dot-anti-mony.uc.r.appspot.com/api/health
[2025-09-07T11:25:03.010Z] [INFO] 🔧 Canary health attempt 3 (insecure)...
[2025-09-07T11:25:03.197Z] [ERROR] ❌ Canary health attempt 3 (insecure) failed: Command failed: curl -k -f https://v2025-09-07-111746175-dot-anti-mony.uc.r.appspot.com/api/health
[2025-09-07T11:25:03.198Z] [WARNING] Canary health retry in 6000ms
[2025-09-07T11:25:09.206Z] [INFO] 🔧 Canary health attempt 4...
[2025-09-07T11:25:09.396Z] [ERROR] ❌ Canary health attempt 4 failed: Command failed: curl --ssl-no-revoke -f https://v2025-09-07-111746175-dot-anti-mony.uc.r.appspot.com/api/health
[2025-09-07T11:25:09.396Z] [INFO] 🔧 Canary health attempt 4 (insecure)...
[2025-09-07T11:25:09.600Z] [ERROR] ❌ Canary health attempt 4 (insecure) failed: Command failed: curl -k -f https://v2025-09-07-111746175-dot-anti-mony.uc.r.appspot.com/api/health
[2025-09-07T11:25:09.601Z] [WARNING] Canary health retry in 8000ms
[2025-09-07T11:25:17.605Z] [INFO] 🔧 Canary health attempt 5...
[2025-09-07T11:25:17.815Z] [ERROR] ❌ Canary health attempt 5 failed: Command failed: curl --ssl-no-revoke -f https://v2025-09-07-111746175-dot-anti-mony.uc.r.appspot.com/api/health
[2025-09-07T11:25:17.815Z] [INFO] 🔧 Canary health attempt 5 (insecure)...
[2025-09-07T11:25:17.980Z] [ERROR] ❌ Canary health attempt 5 (insecure) failed: Command failed: curl -k -f https://v2025-09-07-111746175-dot-anti-mony.uc.r.appspot.com/api/health
[2025-09-07T11:25:17.980Z] [ERROR] ❌ Production deployment failed: Canary health failed
[2025-09-07T12:05:40.369Z] [INFO] Checking prerequisites...
[2025-09-07T12:05:48.960Z] [INFO] Project: anti-mony
[2025-09-07T12:05:48.961Z] [INFO] Verifying staging...
[2025-09-07T12:05:53.117Z] [INFO] Running production test suite...
[2025-09-07T12:05:53.118Z] [INFO] 🔧 Unit tests...
[2025-09-07T12:05:56.939Z] [SUCCESS] ✅ Unit tests completed
[2025-09-07T12:05:56.940Z] [INFO] 🔧 ESLint...
[2025-09-07T12:06:01.689Z] [SUCCESS] ✅ ESLint completed
[2025-09-07T12:06:01.690Z] [INFO] 🔧 TypeScript...
[2025-09-07T12:06:06.129Z] [SUCCESS] ✅ TypeScript completed
[2025-09-07T12:06:06.130Z] [INFO] 🔧 Security audit...
[2025-09-07T12:06:07.271Z] [SUCCESS] ✅ Security audit completed
[2025-09-07T12:06:07.272Z] [INFO] 🔧 Clean build artifacts...
[2025-09-07T12:06:07.659Z] [SUCCESS] ✅ Clean build artifacts completed
[2025-09-07T12:06:07.659Z] [INFO] 🔧 Build Next.js app...
[2025-09-07T12:06:25.790Z] [SUCCESS] ✅ Build Next.js app completed
[2025-09-07T12:06:25.791Z] [INFO] 🔧 Canary deploy...
[2025-09-07T12:12:07.542Z] [SUCCESS] ✅ Canary deploy completed
[2025-09-07T12:12:10.622Z] [INFO] Canary URL: https://v2025-09-07-120625791-dot-anti-mony.uc.r.appspot.com
[2025-09-07T12:12:10.624Z] [INFO] Waiting 5s for canary warm-up...
[2025-09-07T12:12:15.639Z] [INFO] 🔧 Canary health attempt 1...
[2025-09-07T12:12:20.398Z] [SUCCESS] ✅ Canary health attempt 1 completed
[2025-09-07T12:12:36.206Z] [INFO] 🔧 Promote canary to 100%...
[2025-09-07T12:12:59.405Z] [SUCCESS] ✅ Promote canary to 100% completed
[2025-09-07T12:13:01.782Z] [INFO] Production URL: https://anti-mony.appspot.com
[2025-09-07T12:13:01.782Z] [INFO] 🔧 Production health...
[2025-09-07T12:13:02.037Z] [SUCCESS] ✅ Production health completed
[2025-09-07T12:13:02.037Z] [SUCCESS] ✅ Production deployment finished in 443.855s
[2025-09-07T14:25:10.459Z] [INFO] Checking prerequisites...
[2025-09-07T14:25:19.886Z] [INFO] Project: anti-mony
[2025-09-07T14:25:19.886Z] [INFO] Verifying staging...
[2025-09-07T14:25:23.881Z] [INFO] Running production test suite...
[2025-09-07T14:25:23.881Z] [INFO] 🔧 Unit tests...
[2025-09-07T14:25:26.874Z] [SUCCESS] ✅ Unit tests completed
[2025-09-07T14:25:26.875Z] [INFO] 🔧 ESLint...
[2025-09-07T14:25:30.076Z] [SUCCESS] ✅ ESLint completed
[2025-09-07T14:25:30.077Z] [INFO] 🔧 TypeScript...
[2025-09-07T14:25:33.314Z] [ERROR] ❌ TypeScript failed: Command failed: npm run type-check
[2025-09-07T14:25:33.314Z] [ERROR] ❌ Production deployment failed: Command failed: npm run type-check
[2025-09-07T14:27:19.116Z] [INFO] Checking prerequisites...
[2025-09-07T14:27:27.984Z] [INFO] Project: anti-mony
[2025-09-07T14:27:27.985Z] [INFO] Verifying staging...
[2025-09-07T14:27:31.566Z] [INFO] Running production test suite...
[2025-09-07T14:27:31.566Z] [INFO] 🔧 Unit tests...
[2025-09-07T14:27:34.480Z] [SUCCESS] ✅ Unit tests completed
[2025-09-07T14:27:34.481Z] [INFO] 🔧 ESLint...
[2025-09-07T14:27:37.147Z] [SUCCESS] ✅ ESLint completed
[2025-09-07T14:27:37.147Z] [INFO] 🔧 TypeScript...
[2025-09-07T14:27:40.094Z] [ERROR] ❌ TypeScript failed: Command failed: npm run type-check
[2025-09-07T14:27:40.094Z] [ERROR] ❌ Production deployment failed: Command failed: npm run type-check
[2025-09-07T14:28:15.783Z] [INFO] Checking prerequisites...
[2025-09-07T14:28:25.083Z] [INFO] Project: anti-mony
[2025-09-07T14:28:25.084Z] [INFO] Verifying staging...
[2025-09-07T14:28:29.523Z] [INFO] Running production test suite...
[2025-09-07T14:28:29.524Z] [INFO] 🔧 Unit tests...
[2025-09-07T14:28:32.616Z] [SUCCESS] ✅ Unit tests completed
[2025-09-07T14:28:32.616Z] [INFO] 🔧 ESLint...
[2025-09-07T14:28:35.290Z] [SUCCESS] ✅ ESLint completed
[2025-09-07T14:28:35.291Z] [INFO] 🔧 TypeScript...
[2025-09-07T14:28:38.117Z] [ERROR] ❌ TypeScript failed: Command failed: npm run type-check
[2025-09-07T14:28:38.117Z] [ERROR] ❌ Production deployment failed: Command failed: npm run type-check
[2025-09-07T14:29:10.502Z] [INFO] Checking prerequisites...
[2025-09-07T14:29:19.653Z] [INFO] Project: anti-mony
[2025-09-07T14:29:19.654Z] [INFO] Verifying staging...
[2025-09-07T14:29:23.248Z] [INFO] Running production test suite...
[2025-09-07T14:29:23.249Z] [INFO] 🔧 Unit tests...
[2025-09-07T14:29:26.240Z] [SUCCESS] ✅ Unit tests completed
[2025-09-07T14:29:26.240Z] [INFO] 🔧 ESLint...
[2025-09-07T14:29:28.662Z] [SUCCESS] ✅ ESLint completed
[2025-09-07T14:29:28.662Z] [INFO] 🔧 TypeScript...
[2025-09-07T14:29:31.256Z] [SUCCESS] ✅ TypeScript completed
[2025-09-07T14:29:31.257Z] [INFO] 🔧 Security audit...
[2025-09-07T14:29:32.344Z] [SUCCESS] ✅ Security audit completed
[2025-09-07T14:29:32.344Z] [INFO] 🔧 Clean build artifacts...
[2025-09-07T14:29:32.710Z] [SUCCESS] ✅ Clean build artifacts completed
[2025-09-07T14:29:32.710Z] [INFO] 🔧 Build Next.js app...
[2025-09-07T14:29:42.779Z] [INFO] Checking prerequisites...
[2025-09-07T14:29:52.633Z] [SUCCESS] ✅ Build Next.js app completed
[2025-09-07T14:29:52.634Z] [INFO] 🔧 Canary deploy...
[2025-09-07T14:29:52.984Z] [INFO] Project: anti-mony
[2025-09-07T14:29:52.984Z] [INFO] Verifying staging...
[2025-09-07T14:29:56.957Z] [INFO] Running production test suite...
[2025-09-07T14:29:56.957Z] [INFO] 🔧 Unit tests...
[2025-09-07T14:29:58.411Z] [ERROR] ❌ Canary deploy failed: Command failed: gcloud app deploy app.yaml --quiet --no-promote --version=v2025-09-07-142952634
[2025-09-07T14:29:58.412Z] [ERROR] ❌ Production deployment failed: Command failed: gcloud app deploy app.yaml --quiet --no-promote --version=v2025-09-07-142952634
[2025-09-07T14:30:00.043Z] [SUCCESS] ✅ Unit tests completed
[2025-09-07T14:30:00.044Z] [INFO] 🔧 ESLint...
[2025-09-07T14:30:03.085Z] [SUCCESS] ✅ ESLint completed
[2025-09-07T14:30:03.085Z] [INFO] 🔧 TypeScript...
[2025-09-07T14:30:05.470Z] [SUCCESS] ✅ TypeScript completed
[2025-09-07T14:30:05.471Z] [INFO] 🔧 Security audit...
[2025-09-07T14:30:06.697Z] [SUCCESS] ✅ Security audit completed
[2025-09-07T14:30:06.697Z] [INFO] 🔧 Clean build artifacts...
[2025-09-07T14:30:07.013Z] [SUCCESS] ✅ Clean build artifacts completed
[2025-09-07T14:30:07.013Z] [INFO] 🔧 Build Next.js app...
[2025-09-07T14:30:17.590Z] [ERROR] ❌ Build Next.js app failed: Command failed: npm run build
[2025-09-07T14:30:17.590Z] [ERROR] ❌ Production deployment failed: Command failed: npm run build
[2025-09-07T16:26:34.172Z] [INFO] Checking prerequisites...
[2025-09-07T16:26:42.626Z] [INFO] Project: anti-mony
[2025-09-07T16:26:42.627Z] [INFO] Verifying staging...
[2025-09-07T16:26:46.271Z] [INFO] Running production test suite...
[2025-09-07T16:26:46.271Z] [INFO] 🔧 Unit tests...
[2025-09-07T16:26:52.763Z] [SUCCESS] ✅ Unit tests completed
[2025-09-07T16:26:52.763Z] [INFO] 🔧 ESLint...
[2025-09-07T16:27:02.054Z] [SUCCESS] ✅ ESLint completed
[2025-09-07T16:27:02.054Z] [INFO] 🔧 TypeScript...
[2025-09-07T16:27:05.824Z] [SUCCESS] ✅ TypeScript completed
[2025-09-07T16:27:05.824Z] [INFO] 🔧 Security audit...
[2025-09-07T16:27:07.067Z] [SUCCESS] ✅ Security audit completed
[2025-09-07T16:27:07.068Z] [INFO] 🔧 Clean build artifacts...
[2025-09-07T16:27:07.492Z] [SUCCESS] ✅ Clean build artifacts completed
[2025-09-07T16:27:07.492Z] [INFO] 🔧 Build Next.js app...
[2025-09-07T16:27:32.534Z] [SUCCESS] ✅ Build Next.js app completed
[2025-09-07T16:27:32.534Z] [INFO] 🔧 Canary deploy...
[2025-09-07T16:34:28.383Z] [ERROR] ❌ Canary deploy failed: Command failed: gcloud app deploy app.yaml --quiet --no-promote --version=v2025-09-07-162732534
[2025-09-07T16:34:28.383Z] [ERROR] ❌ Production deployment failed: Command failed: gcloud app deploy app.yaml --quiet --no-promote --version=v2025-09-07-162732534
[2025-09-07T20:15:23.172Z] [INFO] Checking prerequisites...
[2025-09-07T20:15:30.725Z] [INFO] Project: anti-mony
[2025-09-07T20:15:30.726Z] [INFO] Verifying staging...
[2025-09-07T20:15:33.902Z] [INFO] Running production test suite...
[2025-09-07T20:15:33.903Z] [INFO] 🔧 Unit tests...
[2025-09-07T20:15:36.604Z] [SUCCESS] ✅ Unit tests completed
[2025-09-07T20:15:36.605Z] [INFO] 🔧 ESLint...
[2025-09-07T20:15:39.810Z] [SUCCESS] ✅ ESLint completed
[2025-09-07T20:15:39.811Z] [INFO] 🔧 TypeScript...
[2025-09-07T20:15:42.230Z] [SUCCESS] ✅ TypeScript completed
[2025-09-07T20:15:42.231Z] [INFO] 🔧 Security audit...
[2025-09-07T20:15:43.333Z] [SUCCESS] ✅ Security audit completed
[2025-09-07T20:15:43.333Z] [INFO] 🔧 Clean build artifacts...
[2025-09-07T20:15:43.695Z] [SUCCESS] ✅ Clean build artifacts completed
[2025-09-07T20:15:43.696Z] [INFO] 🔧 Build Next.js app...
[2025-09-07T20:16:04.308Z] [SUCCESS] ✅ Build Next.js app completed
[2025-09-07T20:16:04.309Z] [INFO] 🔧 Canary deploy...
[2025-09-07T20:22:34.060Z] [SUCCESS] ✅ Canary deploy completed
[2025-09-07T20:22:37.284Z] [INFO] Canary URL: https://v2025-09-07-201604309-dot-anti-mony.uc.r.appspot.com
[2025-09-07T20:22:37.285Z] [INFO] Waiting 5s for canary warm-up...
[2025-09-07T20:22:42.289Z] [INFO] 🔧 Canary health attempt 1...
[2025-09-07T20:22:46.747Z] [SUCCESS] ✅ Canary health attempt 1 completed
[2025-09-07T20:23:02.147Z] [INFO] 🔧 Promote canary to 100%...
[2025-09-07T20:23:15.797Z] [SUCCESS] ✅ Promote canary to 100% completed
[2025-09-07T20:23:18.187Z] [INFO] Production URL: https://anti-mony.appspot.com
[2025-09-07T20:23:18.188Z] [INFO] 🔧 Production health...
[2025-09-07T20:23:18.493Z] [SUCCESS] ✅ Production health completed
[2025-09-07T20:23:18.493Z] [SUCCESS] ✅ Production deployment finished in 481.61s
[2025-09-08T05:45:36.338Z] [INFO] Checking prerequisites...
[2025-09-08T05:45:48.417Z] [INFO] Project: anti-mony
[2025-09-08T05:45:48.418Z] [INFO] Verifying staging...
[2025-09-08T05:45:52.378Z] [INFO] Running production test suite...
[2025-09-08T05:45:52.379Z] [INFO] 🔧 Unit tests...
[2025-09-08T05:45:55.935Z] [SUCCESS] ✅ Unit tests completed
[2025-09-08T05:45:55.935Z] [INFO] 🔧 ESLint...
[2025-09-08T05:46:00.744Z] [SUCCESS] ✅ ESLint completed
[2025-09-08T05:46:00.745Z] [INFO] 🔧 TypeScript...
[2025-09-08T05:46:04.198Z] [ERROR] ❌ TypeScript failed: Command failed: npm run type-check
[2025-09-08T05:46:04.198Z] [ERROR] ❌ Production deployment failed: Command failed: npm run type-check
[2025-09-08T06:42:13.156Z] [INFO] Confirmation prompt: "Are you sure you want to deploy to production?" - auto-confirmed
[2025-09-08T06:42:13.157Z] [INFO] 🚀 Starting production deployment process...
[2025-09-08T06:42:13.158Z] [INFO] Checking production deployment prerequisites...
[2025-09-08T06:42:20.757Z] [INFO] Using project: anti-mony
[2025-09-08T06:42:20.835Z] [WARNING] Warning: There are uncommitted changes
[2025-09-08T06:42:20.835Z] [INFO] Confirmation prompt: "Continue with uncommitted changes?" - auto-confirmed
[2025-09-08T06:42:20.836Z] [SUCCESS] Prerequisites check passed
[2025-09-08T06:42:20.836Z] [INFO] Verifying staging deployment...
[2025-09-08T06:42:24.200Z] [WARNING] No staging deployment found
[2025-09-08T06:42:24.201Z] [INFO] Confirmation prompt: "Deploy to production without staging verification?" - auto-confirmed
[2025-09-08T06:42:24.201Z] [INFO] Running comprehensive production test suite...
[2025-09-08T06:42:24.202Z] [INFO] 🔧 Running unit tests with coverage...
[2025-09-08T06:42:26.861Z] [SUCCESS] ✅ Running unit tests with coverage completed successfully
[2025-09-08T06:42:26.861Z] [INFO] 🔧 Running ESLint...
[2025-09-08T06:42:30.375Z] [SUCCESS] ✅ Running ESLint completed successfully
[2025-09-08T06:42:30.375Z] [INFO] 🔧 Running TypeScript checks...
[2025-09-08T06:42:32.668Z] [ERROR] ❌ Running TypeScript checks failed: Command failed: npm run type-check
[2025-09-08T06:42:32.669Z] [ERROR] ❌ Production deployment failed after 20s: Command failed: npm run type-check
[2025-09-08T06:42:51.646Z] [INFO] Confirmation prompt: "Are you sure you want to deploy to production?" - auto-confirmed
[2025-09-08T06:42:51.647Z] [INFO] 🚀 Starting production deployment process...
[2025-09-08T06:42:51.647Z] [INFO] Checking production deployment prerequisites...
[2025-09-08T06:42:58.772Z] [INFO] Using project: anti-mony
[2025-09-08T06:42:58.843Z] [WARNING] Warning: There are uncommitted changes
[2025-09-08T06:42:58.843Z] [INFO] Confirmation prompt: "Continue with uncommitted changes?" - auto-confirmed
[2025-09-08T06:42:58.844Z] [SUCCESS] Prerequisites check passed
[2025-09-08T06:42:58.844Z] [INFO] Verifying staging deployment...
[2025-09-08T06:43:01.922Z] [WARNING] No staging deployment found
[2025-09-08T06:43:01.923Z] [INFO] Confirmation prompt: "Deploy to production without staging verification?" - auto-confirmed
[2025-09-08T06:43:01.923Z] [INFO] Running comprehensive production test suite...
[2025-09-08T06:43:01.923Z] [INFO] 🔧 Running unit tests with coverage...
[2025-09-08T06:43:04.776Z] [SUCCESS] ✅ Running unit tests with coverage completed successfully
[2025-09-08T06:43:04.776Z] [INFO] 🔧 Running ESLint...
[2025-09-08T06:43:07.664Z] [SUCCESS] ✅ Running ESLint completed successfully
[2025-09-08T06:43:07.664Z] [INFO] 🔧 Running TypeScript checks...
[2025-09-08T06:43:10.541Z] [SUCCESS] ✅ Running TypeScript checks completed successfully
[2025-09-08T06:43:10.541Z] [INFO] 🔧 Running security audit...
[2025-09-08T06:43:11.686Z] [SUCCESS] ✅ Running security audit completed successfully
[2025-09-08T06:43:11.687Z] [INFO] 🔧 Running accessibility tests...
[2025-09-08T06:43:12.640Z] [ERROR] ❌ Running accessibility tests failed: Command failed: npm run test:accessibility
[2025-09-08T06:43:12.640Z] [ERROR] ❌ Production deployment failed after 21s: Command failed: npm run test:accessibility
[2025-09-08T06:43:41.611Z] [INFO] Confirmation prompt: "Are you sure you want to deploy to production?" - auto-confirmed
[2025-09-08T06:43:41.612Z] [INFO] 🚀 Starting production deployment process...
[2025-09-08T06:43:41.613Z] [INFO] Checking production deployment prerequisites...
[2025-09-08T06:43:48.835Z] [INFO] Using project: anti-mony
[2025-09-08T06:43:48.907Z] [WARNING] Warning: There are uncommitted changes
[2025-09-08T06:43:48.907Z] [INFO] Confirmation prompt: "Continue with uncommitted changes?" - auto-confirmed
[2025-09-08T06:43:48.908Z] [SUCCESS] Prerequisites check passed
[2025-09-08T06:43:48.908Z] [INFO] Verifying staging deployment...
[2025-09-08T06:43:52.199Z] [WARNING] No staging deployment found
[2025-09-08T06:43:52.200Z] [INFO] Confirmation prompt: "Deploy to production without staging verification?" - auto-confirmed
[2025-09-08T06:43:52.200Z] [INFO] Running comprehensive production test suite...
[2025-09-08T06:43:52.201Z] [INFO] 🔧 Running unit tests with coverage...
[2025-09-08T06:43:54.904Z] [SUCCESS] ✅ Running unit tests with coverage completed successfully
[2025-09-08T06:43:54.904Z] [INFO] 🔧 Running ESLint...
[2025-09-08T06:43:57.423Z] [SUCCESS] ✅ Running ESLint completed successfully
[2025-09-08T06:43:57.424Z] [INFO] 🔧 Running TypeScript checks...
[2025-09-08T06:43:59.845Z] [SUCCESS] ✅ Running TypeScript checks completed successfully
[2025-09-08T06:43:59.845Z] [INFO] 🔧 Running security audit...
[2025-09-08T06:44:00.995Z] [SUCCESS] ✅ Running security audit completed successfully
[2025-09-08T06:44:00.995Z] [INFO] 🔧 Running accessibility tests...
[2025-09-08T06:44:02.728Z] [SUCCESS] ✅ Running accessibility tests completed successfully
[2025-09-08T06:44:02.729Z] [WARNING] Could not verify test coverage
[2025-09-08T06:44:02.729Z] [SUCCESS] Production test suite completed successfully
[2025-09-08T06:44:02.729Z] [INFO] Building application for production...
[2025-09-08T06:44:02.730Z] [INFO] 🔧 Cleaning previous builds...
[2025-09-08T06:44:03.070Z] [SUCCESS] ✅ Cleaning previous builds completed successfully
[2025-09-08T06:44:03.070Z] [INFO] 🔧 Building Next.js application...
[2025-09-08T06:44:25.583Z] [SUCCESS] ✅ Building Next.js application completed successfully
[2025-09-08T06:44:25.584Z] [SUCCESS] Production build completed successfully
[2025-09-08T06:44:25.584Z] [INFO] Deploying to Google App Engine (production)...
[2025-09-08T06:44:25.584Z] [INFO] 🔧 Deploying to App Engine (canary)...
[2025-09-08T06:44:29.480Z] [ERROR] ❌ Deploying to App Engine (canary) failed: Command failed: gcloud app deploy app.yaml --quiet --no-promote --version=v2025-09-08T06-44-25-584Z
[2025-09-08T06:44:29.481Z] [ERROR] ❌ Production deployment failed after 48s: Command failed: gcloud app deploy app.yaml --quiet --no-promote --version=v2025-09-08T06-44-25-584Z
[2025-09-08T06:44:43.556Z] [INFO] Confirmation prompt: "Are you sure you want to deploy to production?" - auto-confirmed
[2025-09-08T06:44:43.557Z] [INFO] 🚀 Starting production deployment process...
[2025-09-08T06:44:43.557Z] [INFO] Checking production deployment prerequisites...
[2025-09-08T06:44:51.470Z] [INFO] Using project: anti-mony
[2025-09-08T06:44:51.563Z] [WARNING] Warning: There are uncommitted changes
[2025-09-08T06:44:51.563Z] [INFO] Confirmation prompt: "Continue with uncommitted changes?" - auto-confirmed
[2025-09-08T06:44:51.564Z] [SUCCESS] Prerequisites check passed
[2025-09-08T06:44:51.565Z] [INFO] Verifying staging deployment...
[2025-09-08T06:44:54.991Z] [WARNING] No staging deployment found
[2025-09-08T06:44:54.991Z] [INFO] Confirmation prompt: "Deploy to production without staging verification?" - auto-confirmed
[2025-09-08T06:44:54.991Z] [INFO] Running comprehensive production test suite...
[2025-09-08T06:44:54.992Z] [INFO] 🔧 Running unit tests with coverage...
[2025-09-08T06:44:57.688Z] [SUCCESS] ✅ Running unit tests with coverage completed successfully
[2025-09-08T06:44:57.688Z] [INFO] 🔧 Running ESLint...
[2025-09-08T06:45:01.287Z] [SUCCESS] ✅ Running ESLint completed successfully
[2025-09-08T06:45:01.287Z] [INFO] 🔧 Running TypeScript checks...
[2025-09-08T06:45:03.783Z] [SUCCESS] ✅ Running TypeScript checks completed successfully
[2025-09-08T06:45:03.783Z] [INFO] 🔧 Running security audit...
[2025-09-08T06:45:04.894Z] [SUCCESS] ✅ Running security audit completed successfully
[2025-09-08T06:45:04.896Z] [INFO] 🔧 Running accessibility tests...
[2025-09-08T06:45:06.598Z] [SUCCESS] ✅ Running accessibility tests completed successfully
[2025-09-08T06:45:06.599Z] [WARNING] Could not verify test coverage
[2025-09-08T06:45:06.599Z] [SUCCESS] Production test suite completed successfully
[2025-09-08T06:45:06.599Z] [INFO] Building application for production...
[2025-09-08T06:45:06.599Z] [INFO] 🔧 Cleaning previous builds...
[2025-09-08T06:45:07.014Z] [SUCCESS] ✅ Cleaning previous builds completed successfully
[2025-09-08T06:45:07.015Z] [INFO] 🔧 Building Next.js application...
[2025-09-08T06:45:29.219Z] [SUCCESS] ✅ Building Next.js application completed successfully
[2025-09-08T06:45:29.219Z] [SUCCESS] Production build completed successfully
[2025-09-08T06:45:29.219Z] [INFO] Deploying to Google App Engine (production)...
[2025-09-08T06:45:29.220Z] [INFO] 🔧 Deploying to App Engine (canary)...
[2025-09-08T06:50:26.949Z] [INFO] Confirmation prompt: "Are you sure you want to deploy to production?" - auto-confirmed
[2025-09-08T06:50:26.950Z] [INFO] 🚀 Starting production deployment process...
[2025-09-08T06:50:26.951Z] [INFO] Checking production deployment prerequisites...
[2025-09-08T06:50:34.132Z] [INFO] Using project: anti-mony
[2025-09-08T06:50:34.223Z] [WARNING] Warning: There are uncommitted changes
[2025-09-08T06:50:34.224Z] [INFO] Confirmation prompt: "Continue with uncommitted changes?" - auto-confirmed
[2025-09-08T06:50:34.224Z] [SUCCESS] Prerequisites check passed
[2025-09-08T06:50:34.225Z] [INFO] Verifying staging deployment...
[2025-09-08T06:50:37.436Z] [WARNING] No staging deployment found
[2025-09-08T06:50:37.436Z] [INFO] Confirmation prompt: "Deploy to production without staging verification?" - auto-confirmed
[2025-09-08T06:50:37.437Z] [INFO] Running comprehensive production test suite...
[2025-09-08T06:50:37.437Z] [INFO] 🔧 Running unit tests with coverage...
[2025-09-08T06:50:40.343Z] [SUCCESS] ✅ Running unit tests with coverage completed successfully
[2025-09-08T06:50:40.343Z] [INFO] 🔧 Running ESLint...
[2025-09-08T06:50:44.186Z] [SUCCESS] ✅ Running ESLint completed successfully
[2025-09-08T06:50:44.187Z] [INFO] 🔧 Running TypeScript checks...
[2025-09-08T06:50:47.038Z] [SUCCESS] ✅ Running TypeScript checks completed successfully
[2025-09-08T06:50:47.038Z] [INFO] 🔧 Running security audit...
[2025-09-08T06:50:48.542Z] [SUCCESS] ✅ Running security audit completed successfully
[2025-09-08T06:50:48.543Z] [INFO] 🔧 Running accessibility tests...
[2025-09-08T06:50:50.441Z] [SUCCESS] ✅ Running accessibility tests completed successfully
[2025-09-08T06:50:50.442Z] [WARNING] Could not verify test coverage
[2025-09-08T06:50:50.442Z] [SUCCESS] Production test suite completed successfully
[2025-09-08T06:50:50.443Z] [INFO] Building application for production...
[2025-09-08T06:50:50.443Z] [INFO] 🔧 Cleaning previous builds...
[2025-09-08T06:50:50.866Z] [SUCCESS] ✅ Cleaning previous builds completed successfully
[2025-09-08T06:50:50.868Z] [INFO] 🔧 Building Next.js application...
[2025-09-08T06:51:15.456Z] [SUCCESS] ✅ Building Next.js application completed successfully
[2025-09-08T06:51:15.457Z] [SUCCESS] Production build completed successfully
[2025-09-08T06:51:15.458Z] [INFO] Deploying to Google App Engine (production)...
[2025-09-08T06:51:15.458Z] [INFO] 🔧 Deploying to App Engine (canary)...
[2025-09-08T06:52:57.681Z] [SUCCESS] ✅ Deploying to App Engine (canary) completed successfully
[2025-09-08T06:53:00.023Z] [INFO] Canary deployment available at: https://v2025-09-08t06-45-29-220z-dot-anti-mony.appspot.com
[2025-09-08T06:53:00.023Z] [INFO] 🔧 Running canary health check...
[2025-09-08T06:53:00.823Z] [ERROR] ❌ Running canary health check failed: Command failed: curl -f https://v2025-09-08t06-45-29-220z-dot-anti-mony.appspot.com/api/health
[2025-09-08T06:53:00.823Z] [ERROR] Canary health check failed
[2025-09-08T06:53:00.823Z] [ERROR] ❌ Production deployment failed after 497s: Canary deployment failed health check
[2025-09-08T06:54:25.649Z] [INFO] Confirmation prompt: "Are you sure you want to deploy to production?" - auto-confirmed
[2025-09-08T06:54:25.650Z] [INFO] 🚀 Starting production deployment process...
[2025-09-08T06:54:25.651Z] [INFO] Checking production deployment prerequisites...
[2025-09-08T06:54:33.150Z] [INFO] Using project: anti-mony
[2025-09-08T06:54:33.238Z] [WARNING] Warning: There are uncommitted changes
[2025-09-08T06:54:33.239Z] [INFO] Confirmation prompt: "Continue with uncommitted changes?" - auto-confirmed
[2025-09-08T06:54:33.239Z] [SUCCESS] Prerequisites check passed
[2025-09-08T06:54:33.240Z] [INFO] Verifying staging deployment...
[2025-09-08T06:54:36.516Z] [WARNING] No staging deployment found
[2025-09-08T06:54:36.516Z] [INFO] Confirmation prompt: "Deploy to production without staging verification?" - auto-confirmed
[2025-09-08T06:54:36.517Z] [INFO] Running comprehensive production test suite...
[2025-09-08T06:54:36.517Z] [INFO] 🔧 Running unit tests with coverage...
[2025-09-08T06:54:39.296Z] [SUCCESS] ✅ Running unit tests with coverage completed successfully
[2025-09-08T06:54:39.297Z] [INFO] 🔧 Running ESLint...
[2025-09-08T06:54:43.187Z] [SUCCESS] ✅ Running ESLint completed successfully
[2025-09-08T06:54:43.188Z] [INFO] 🔧 Running TypeScript checks...
[2025-09-08T06:54:45.646Z] [SUCCESS] ✅ Running TypeScript checks completed successfully
[2025-09-08T06:54:45.647Z] [INFO] 🔧 Running security audit...
[2025-09-08T06:54:46.889Z] [SUCCESS] ✅ Running security audit completed successfully
[2025-09-08T06:54:46.889Z] [INFO] 🔧 Running accessibility tests...
[2025-09-08T06:54:48.704Z] [SUCCESS] ✅ Running accessibility tests completed successfully
[2025-09-08T06:54:48.704Z] [WARNING] Could not verify test coverage
[2025-09-08T06:54:48.705Z] [SUCCESS] Production test suite completed successfully
[2025-09-08T06:54:48.705Z] [INFO] Building application for production...
[2025-09-08T06:54:48.706Z] [INFO] 🔧 Cleaning previous builds...
[2025-09-08T06:54:49.070Z] [SUCCESS] ✅ Cleaning previous builds completed successfully
[2025-09-08T06:54:49.070Z] [INFO] 🔧 Building Next.js application...
[2025-09-08T06:55:13.603Z] [SUCCESS] ✅ Building Next.js application completed successfully
[2025-09-08T06:55:13.604Z] [SUCCESS] Production build completed successfully
[2025-09-08T06:55:13.605Z] [INFO] Deploying to Google App Engine (production)...
[2025-09-08T06:55:13.605Z] [INFO] 🔧 Deploying to App Engine (canary)...
[2025-09-08T06:57:39.012Z] [SUCCESS] ✅ Deploying to App Engine (canary) completed successfully
[2025-09-08T06:57:41.218Z] [INFO] Canary deployment available at: https://v2025-09-08t06-51-15-458z-dot-anti-mony.appspot.com
[2025-09-08T06:57:41.219Z] [INFO] 🔧 Running canary health check...
[2025-09-08T06:57:41.431Z] [ERROR] ❌ Running canary health check failed: Command failed: curl -f https://v2025-09-08t06-51-15-458z-dot-anti-mony.appspot.com/api/health
[2025-09-08T06:57:41.432Z] [ERROR] Canary health check failed
[2025-09-08T06:57:41.432Z] [ERROR] ❌ Production deployment failed after 434s: Canary deployment failed health check
[2025-09-08T07:01:33.587Z] [SUCCESS] ✅ Deploying to App Engine (canary) completed successfully
[2025-09-08T07:01:35.751Z] [INFO] Canary deployment available at: https://v2025-09-08t06-55-13-605z-dot-anti-mony.appspot.com
[2025-09-08T07:02:05.767Z] [INFO] 🔧 Running canary health check...
[2025-09-08T07:02:06.196Z] [ERROR] ❌ Running canary health check failed: Command failed: curl -f https://v2025-09-08t06-55-13-605z-dot-anti-mony.appspot.com/api/health
[2025-09-08T07:02:06.196Z] [ERROR] Canary health check failed
[2025-09-08T07:02:06.197Z] [ERROR] ❌ Production deployment failed after 461s: Canary deployment failed health check
[2025-09-08T07:02:32.004Z] [INFO] Confirmation prompt: "Are you sure you want to deploy to production?" - auto-confirmed
[2025-09-08T07:02:32.005Z] [INFO] 🚀 Starting production deployment process...
[2025-09-08T07:02:32.005Z] [INFO] Checking production deployment prerequisites...
[2025-09-08T07:02:39.356Z] [INFO] Using project: anti-mony
[2025-09-08T07:02:39.449Z] [WARNING] Warning: There are uncommitted changes
[2025-09-08T07:02:39.450Z] [INFO] Confirmation prompt: "Continue with uncommitted changes?" - auto-confirmed
[2025-09-08T07:02:39.450Z] [SUCCESS] Prerequisites check passed
[2025-09-08T07:02:39.451Z] [INFO] Verifying staging deployment...
[2025-09-08T07:02:42.744Z] [WARNING] No staging deployment found
[2025-09-08T07:02:42.745Z] [INFO] Confirmation prompt: "Deploy to production without staging verification?" - auto-confirmed
[2025-09-08T07:02:42.746Z] [INFO] Running comprehensive production test suite...
[2025-09-08T07:02:42.746Z] [INFO] 🔧 Running unit tests with coverage...
[2025-09-08T07:02:45.475Z] [SUCCESS] ✅ Running unit tests with coverage completed successfully
[2025-09-08T07:02:45.475Z] [INFO] 🔧 Running ESLint...
[2025-09-08T07:02:48.970Z] [SUCCESS] ✅ Running ESLint completed successfully
[2025-09-08T07:02:48.970Z] [INFO] 🔧 Running TypeScript checks...
[2025-09-08T07:02:51.460Z] [SUCCESS] ✅ Running TypeScript checks completed successfully
[2025-09-08T07:02:51.461Z] [INFO] 🔧 Running security audit...
[2025-09-08T07:02:52.552Z] [SUCCESS] ✅ Running security audit completed successfully
[2025-09-08T07:02:52.552Z] [INFO] 🔧 Running accessibility tests...
[2025-09-08T07:02:54.312Z] [SUCCESS] ✅ Running accessibility tests completed successfully
[2025-09-08T07:02:54.312Z] [WARNING] Could not verify test coverage
[2025-09-08T07:02:54.312Z] [SUCCESS] Production test suite completed successfully
[2025-09-08T07:02:54.313Z] [INFO] Building application for production...
[2025-09-08T07:02:54.313Z] [INFO] 🔧 Cleaning previous builds...
[2025-09-08T07:02:54.700Z] [SUCCESS] ✅ Cleaning previous builds completed successfully
[2025-09-08T07:02:54.700Z] [INFO] 🔧 Building Next.js application...
[2025-09-08T07:03:16.040Z] [SUCCESS] ✅ Building Next.js application completed successfully
[2025-09-08T07:03:16.040Z] [SUCCESS] Production build completed successfully
[2025-09-08T07:03:16.041Z] [INFO] Deploying to Google App Engine (production)...
[2025-09-08T07:03:16.041Z] [INFO] 🔧 Deploying to App Engine (canary)...
[2025-09-08T07:10:34.457Z] [SUCCESS] ✅ Deploying to App Engine (canary) completed successfully
[2025-09-08T07:10:36.711Z] [INFO] Canary deployment available at: https://v2025-09-08t07-03-16-041z-dot-anti-mony.appspot.com
[2025-09-08T07:10:36.711Z] [INFO] Running health check on canary deployment...
[2025-09-08T07:10:36.712Z] [INFO] Waiting 10s before health check attempt 1...
[2025-09-08T07:10:46.723Z] [INFO] 🔧 Running canary health check (attempt 1)...
[2025-09-08T07:10:47.278Z] [ERROR] ❌ Running canary health check (attempt 1) failed: Command failed: curl -f --ssl-no-revoke https://v2025-09-08t07-03-16-041z-dot-anti-mony.appspot.com/api/health
[2025-09-08T07:10:47.279Z] [WARNING] Canary health check attempt 1 failed.
[2025-09-08T07:10:47.280Z] [INFO] Waiting 20s before health check attempt 2...
[2025-09-08T07:11:07.292Z] [INFO] 🔧 Running canary health check (attempt 2)...
[2025-09-08T07:11:07.472Z] [ERROR] ❌ Running canary health check (attempt 2) failed: Command failed: curl -f --ssl-no-revoke https://v2025-09-08t07-03-16-041z-dot-anti-mony.appspot.com/api/health
[2025-09-08T07:11:07.472Z] [WARNING] Canary health check attempt 2 failed.
[2025-09-08T07:11:07.472Z] [INFO] Waiting 30s before health check attempt 3...
[2025-09-08T07:11:37.474Z] [INFO] 🔧 Running canary health check (attempt 3)...
[2025-09-08T07:11:37.638Z] [ERROR] ❌ Running canary health check (attempt 3) failed: Command failed: curl -f --ssl-no-revoke https://v2025-09-08t07-03-16-041z-dot-anti-mony.appspot.com/api/health
[2025-09-08T07:11:37.638Z] [WARNING] Canary health check attempt 3 failed.
[2025-09-08T07:11:37.638Z] [INFO] Waiting 40s before health check attempt 4...
[2025-09-08T07:12:17.641Z] [INFO] 🔧 Running canary health check (attempt 4)...
[2025-09-08T07:12:21.559Z] [SUCCESS] ✅ Running canary health check (attempt 4) completed successfully
[2025-09-08T07:12:21.559Z] [SUCCESS] Canary deployment healthy
[2025-09-08T07:12:21.559Z] [INFO] Confirmation prompt: "Promote canary v2025-09-08t07-03-16-041z to production?" - auto-confirmed
[2025-09-08T07:12:21.560Z] [INFO] 🔧 Promoting to production traffic...
[2025-09-08T07:12:32.151Z] [SUCCESS] ✅ Promoting to production traffic completed successfully
[2025-09-08T07:12:32.151Z] [SUCCESS] Successfully promoted to production
[2025-09-08T07:12:32.152Z] [INFO] Running post-deployment verification...
[2025-09-08T07:12:34.450Z] [INFO] Production URL: https://anti-mony.appspot.com
[2025-09-08T07:12:34.450Z] [INFO] Waiting for traffic routing to propagate...
[2025-09-08T07:12:44.459Z] [INFO] 🔧 Production health check...
[2025-09-08T07:12:44.593Z] [ERROR] ❌ Production health check failed: Command failed: curl -f https://anti-mony.appspot.com/api/health
[2025-09-08T07:12:44.593Z] [ERROR] Post-deployment tests failed: Command failed: curl -f https://anti-mony.appspot.com/api/health
[2025-09-08T07:12:44.593Z] [INFO] Confirmation prompt: "Tests failed. Rollback deployment?" - auto-confirmed
[2025-09-08T07:12:44.594Z] [WARNING] Rolling back deployment...
[2025-09-08T07:12:47.983Z] [INFO] Rolling back to version: v2025-09-08t06-55-13-605z
[2025-09-08T07:12:47.984Z] [INFO] 🔧 Rolling back to previous version...
[2025-09-08T07:13:03.490Z] [SUCCESS] ✅ Rolling back to previous version completed successfully
[2025-09-08T07:13:03.491Z] [SUCCESS] Rollback completed successfully
[2025-09-08T07:13:03.491Z] [ERROR] ❌ Production deployment failed after 631s: Deployment rolled back due to test failures
[2025-09-08T11:30:00.069Z] [INFO] Checking prerequisites...
[2025-09-08T11:30:12.149Z] [INFO] Project: anti-mony
[2025-09-08T11:30:12.150Z] [INFO] Verifying staging...
[2025-09-08T11:30:16.557Z] [INFO] Running production test suite...
[2025-09-08T11:30:16.557Z] [INFO] 🔧 Unit tests...
[2025-09-08T11:30:29.471Z] [ERROR] ❌ Unit tests failed: Command failed: npm run test:coverage
[2025-09-08T11:30:29.471Z] [ERROR] ❌ Production deployment failed: Command failed: npm run test:coverage
[2025-09-10T04:43:30.905Z] [INFO] Checking prerequisites...
[2025-09-10T04:43:30.907Z] [ERROR] ❌ Production deployment failed: Install gcloud CLI
