[2025-09-07T09:37:48.707Z] [INFO] Checking deployment prerequisites...
[2025-09-07T09:37:56.393Z] [INFO] Using project: anti-mony
[2025-09-07T09:37:56.393Z] [INFO] Running test suite...
[2025-09-07T09:37:56.394Z] [INFO] 🔧 Unit tests with coverage...
[2025-09-07T09:37:59.114Z] [SUCCESS] ✅ Unit tests with coverage completed successfully
[2025-09-07T09:37:59.115Z] [INFO] 🔧 ESLint...
[2025-09-07T09:38:01.849Z] [ERROR] ❌ ESLint failed: Command failed: npm run lint
[2025-09-07T09:38:01.849Z] [ERROR] ❌ Staging deployment failed: Command failed: npm run lint
[2025-09-07T09:47:54.612Z] [INFO] Checking deployment prerequisites...
[2025-09-07T09:48:04.055Z] [INFO] Using project: anti-mony
[2025-09-07T09:48:04.055Z] [INFO] Running test suite...
[2025-09-07T09:48:04.065Z] [INFO] 🔧 Unit tests with coverage...
[2025-09-07T09:48:06.852Z] [SUCCESS] ✅ Unit tests with coverage completed successfully
[2025-09-07T09:48:06.853Z] [INFO] 🔧 ESLint...
[2025-09-07T09:48:09.484Z] [SUCCESS] ✅ ESLint completed successfully
[2025-09-07T09:48:09.484Z] [INFO] 🔧 TypeScript checks...
[2025-09-07T09:48:12.472Z] [ERROR] ❌ TypeScript checks failed: Command failed: npm run type-check
[2025-09-07T09:48:12.473Z] [ERROR] ❌ Staging deployment failed: Command failed: npm run type-check
[2025-09-07T15:37:22.565Z] [INFO] Checking deployment prerequisites...
[2025-09-07T15:37:31.238Z] [INFO] Using project: anti-mony
[2025-09-07T15:37:31.239Z] [INFO] Running test suite...
[2025-09-07T15:37:31.240Z] [INFO] 🔧 Unit tests with coverage...
[2025-09-07T15:37:34.590Z] [SUCCESS] ✅ Unit tests with coverage completed successfully
[2025-09-07T15:37:34.590Z] [INFO] 🔧 ESLint...
[2025-09-07T15:37:38.375Z] [SUCCESS] ✅ ESLint completed successfully
[2025-09-07T15:37:38.376Z] [INFO] 🔧 TypeScript checks...
[2025-09-07T15:37:41.886Z] [ERROR] ❌ TypeScript checks failed: Command failed: npm run type-check
[2025-09-07T15:37:41.887Z] [ERROR] ❌ Staging deployment failed: Command failed: npm run type-check
[2025-09-07T15:50:59.738Z] [INFO] Checking deployment prerequisites...
[2025-09-07T15:51:08.716Z] [INFO] Using project: anti-mony
[2025-09-07T15:51:08.717Z] [INFO] Running test suite...
[2025-09-07T15:51:08.718Z] [INFO] 🔧 Unit tests with coverage...
[2025-09-07T15:51:12.178Z] [SUCCESS] ✅ Unit tests with coverage completed successfully
[2025-09-07T15:51:12.180Z] [INFO] 🔧 ESLint...
[2025-09-07T15:51:15.080Z] [SUCCESS] ✅ ESLint completed successfully
[2025-09-07T15:51:15.081Z] [INFO] 🔧 TypeScript checks...
[2025-09-07T15:51:17.853Z] [SUCCESS] ✅ TypeScript checks completed successfully
[2025-09-07T15:51:17.854Z] [INFO] 🔧 Security audit...
[2025-09-07T15:51:19.109Z] [SUCCESS] ✅ Security audit completed successfully
[2025-09-07T15:51:19.109Z] [INFO] Building application...
[2025-09-07T15:51:19.110Z] [INFO] 🔧 Clean previous builds...
[2025-09-07T15:51:19.574Z] [SUCCESS] ✅ Clean previous builds completed successfully
[2025-09-07T15:51:19.574Z] [INFO] 🔧 Next.js production build...
[2025-09-07T15:51:48.449Z] [SUCCESS] ✅ Next.js production build completed successfully
[2025-09-07T15:51:48.449Z] [INFO] Deploying to App Engine (staging)...
[2025-09-07T15:51:48.452Z] [INFO] 🔧 App Engine staging deploy...
[2025-09-07T15:58:14.073Z] [ERROR] ❌ App Engine staging deploy failed: Command failed: gcloud app deploy C:\Users\Curio\OneDrive\Desktop\SbT\antimony-labs\app-staging.yaml --quiet --no-promote --version=staging-1757260308452
[2025-09-07T15:58:14.073Z] [ERROR] ❌ Staging deployment failed: Command failed: gcloud app deploy C:\Users\Curio\OneDrive\Desktop\SbT\antimony-labs\app-staging.yaml --quiet --no-promote --version=staging-1757260308452
[2025-09-07T20:06:48.453Z] [INFO] Checking deployment prerequisites...
[2025-09-07T20:06:56.292Z] [INFO] Using project: anti-mony
[2025-09-07T20:06:56.293Z] [INFO] Running test suite...
[2025-09-07T20:06:56.293Z] [INFO] 🔧 Unit tests with coverage...
[2025-09-07T20:06:59.416Z] [SUCCESS] ✅ Unit tests with coverage completed successfully
[2025-09-07T20:06:59.416Z] [INFO] 🔧 ESLint...
[2025-09-07T20:07:02.375Z] [SUCCESS] ✅ ESLint completed successfully
[2025-09-07T20:07:02.385Z] [INFO] 🔧 TypeScript checks...
[2025-09-07T20:07:05.225Z] [SUCCESS] ✅ TypeScript checks completed successfully
[2025-09-07T20:07:05.226Z] [INFO] 🔧 Security audit...
[2025-09-07T20:07:06.421Z] [SUCCESS] ✅ Security audit completed successfully
[2025-09-07T20:07:06.421Z] [INFO] Building application...
[2025-09-07T20:07:06.421Z] [INFO] 🔧 Clean previous builds...
[2025-09-07T20:07:06.811Z] [SUCCESS] ✅ Clean previous builds completed successfully
[2025-09-07T20:07:06.812Z] [INFO] 🔧 Next.js production build...
[2025-09-07T20:07:27.782Z] [SUCCESS] ✅ Next.js production build completed successfully
[2025-09-07T20:07:27.783Z] [INFO] Deploying to App Engine (staging)...
[2025-09-07T20:07:27.783Z] [INFO] 🔧 App Engine staging deploy...
[2025-09-07T20:13:03.501Z] [SUCCESS] ✅ App Engine staging deploy completed successfully
[2025-09-07T20:13:03.501Z] [INFO] Post-deployment verification...
[2025-09-07T20:13:06.887Z] [INFO] Staging URL: https://staging-dot-anti-mony.uc.r.appspot.com
[2025-09-07T20:13:06.888Z] [INFO] 🔧 Health check...
[2025-09-07T20:13:07.491Z] [SUCCESS] ✅ Health check completed successfully
[2025-09-07T20:13:07.492Z] [SUCCESS] ✅ Staging deployment finished in 379.039s
